<?xml version="1.0" encoding="UTF-8"?>
<!-- Generated by org.testng.reporters.JUnitReportReporter -->
<testsuite skipped="0" hostname="Temi-PC" name="com.ixl.qa.testcases.LogingPageTest" tests="6" failures="0" timestamp="11 Mar 2020 00:06:56 GMT" time="5.867" errors="0">
  <testcase name="loginPageTitleTest" time="0.288" classname="com.ixl.qa.testcases.LogingPageTest"/>
  <testcase name="IXLLogoImage" time="0.320" classname="com.ixl.qa.testcases.LogingPageTest"/>
  <testcase name="CompMessageTest" time="0.072" classname="com.ixl.qa.testcases.LogingPageTest"/>
  <testcase name="BecomeaMemberBtnTest" time="0.071" classname="com.ixl.qa.testcases.LogingPageTest"/>
  <testcase name="BecomeMemberTest" time="3.916" classname="com.ixl.qa.testcases.LogingPageTest"/>
  <testcase name="loginTest" time="1.200" classname="com.ixl.qa.testcases.LogingPageTest"/>
</testsuite> <!-- com.ixl.qa.testcases.LogingPageTest -->
